[2018-05-26T17:12:46.751] [DEBUG] req - Got cheese.
[2018-05-26T17:12:46.754] [INFO] req - Cheese is Gouda.
[2018-05-26T17:12:46.754] [WARN] req - Cheese is quite smelly.
[2018-05-26T17:12:46.754] [ERROR] req - Cheese is too ripe!
[2018-05-26T17:12:46.754] [FATAL] req - Cheese was breeding ground for listeria.
[2018-05-26T17:12:46.757] [INFO] req - aa
[2018-05-26T17:17:31.778] [DEBUG] req - debug debug debug
[2018-05-26T17:17:31.780] [INFO] req - info info info
[2018-05-26T17:17:31.781] [WARN] req - warn warn warn
[2018-05-26T17:17:31.781] [ERROR] req - error error error
[2018-05-26T17:17:31.781] [FATAL] req - fatal fatal fatal
[2018-05-26T17:17:31.783] [INFO] req - aa
[2018-05-26T17:17:39.297] [DEBUG] req - debug debug debug
[2018-05-26T17:17:39.299] [INFO] req - info info info
[2018-05-26T17:17:39.299] [WARN] req - warn warn warn
[2018-05-26T17:17:39.299] [ERROR] req - error error error
[2018-05-26T17:17:39.299] [FATAL] req - fatal fatal fatal
[2018-05-26T17:17:39.302] [INFO] req - aa
[2018-05-26T17:17:43.407] [DEBUG] req - debug debug debug
[2018-05-26T17:17:43.409] [INFO] req - info info info
[2018-05-26T17:17:43.409] [WARN] req - warn warn warn
[2018-05-26T17:17:43.409] [ERROR] req - error error error
[2018-05-26T17:17:43.409] [FATAL] req - fatal fatal fatal
[2018-05-26T17:17:43.412] [INFO] req - aa
[2018-05-26T17:17:46.123] [DEBUG] req - debug debug debug
[2018-05-26T17:17:46.125] [INFO] req - info info info
[2018-05-26T17:17:46.125] [WARN] req - warn warn warn
[2018-05-26T17:17:46.125] [ERROR] req - error error error
[2018-05-26T17:17:46.125] [FATAL] req - fatal fatal fatal
[2018-05-26T17:17:46.128] [INFO] req - aa
[2018-05-26T17:17:47.365] [DEBUG] req - debug debug debug
[2018-05-26T17:17:47.367] [INFO] req - info info info
[2018-05-26T17:17:47.367] [WARN] req - warn warn warn
[2018-05-26T17:17:47.367] [ERROR] req - error error error
[2018-05-26T17:17:47.367] [FATAL] req - fatal fatal fatal
[2018-05-26T17:17:47.370] [INFO] req - aa
[2018-05-26T17:17:48.412] [DEBUG] req - debug debug debug
[2018-05-26T17:17:48.414] [INFO] req - info info info
[2018-05-26T17:17:48.414] [WARN] req - warn warn warn
[2018-05-26T17:17:48.414] [ERROR] req - error error error
[2018-05-26T17:17:48.414] [FATAL] req - fatal fatal fatal
[2018-05-26T17:17:48.417] [INFO] req - aa
[2018-05-26T17:17:49.265] [DEBUG] req - debug debug debug
[2018-05-26T17:17:49.267] [INFO] req - info info info
[2018-05-26T17:17:49.267] [WARN] req - warn warn warn
[2018-05-26T17:17:49.267] [ERROR] req - error error error
[2018-05-26T17:17:49.267] [FATAL] req - fatal fatal fatal
[2018-05-26T17:17:49.270] [INFO] req - aa
[2018-05-26T17:17:50.228] [DEBUG] req - debug debug debug
[2018-05-26T17:17:50.230] [INFO] req - info info info
[2018-05-26T17:17:50.230] [WARN] req - warn warn warn
[2018-05-26T17:17:50.230] [ERROR] req - error error error
[2018-05-26T17:17:50.230] [FATAL] req - fatal fatal fatal
[2018-05-26T17:17:50.233] [INFO] req - aa
[2018-05-26T17:17:51.514] [DEBUG] req - debug debug debug
[2018-05-26T17:17:51.516] [INFO] req - info info info
[2018-05-26T17:17:51.516] [WARN] req - warn warn warn
[2018-05-26T17:17:51.516] [ERROR] req - error error error
[2018-05-26T17:17:51.516] [FATAL] req - fatal fatal fatal
[2018-05-26T17:17:51.519] [INFO] req - aa
